<?xml version="1.0" encoding="UTF-8"?>
<!-- Generated by org.testng.reporters.JUnitXMLReporter -->
<testsuite ignored="0" hostname="DELL" failures="2" tests="2" name="Surefire test" time="1.011" errors="0" timestamp="2022-07-18T23:36:51 IST">
  <testcase classname="com.facebook.login.TestSuiteBase" name="@BeforeClass setup" time="-1.658167610872E9">
    <failure type="org.testng.TestNGException" message="
Parameter &amp;apos;browser&amp;apos; is required by BeforeClass on method setup but has not been marked @Optional or defined
">
      <![CDATA[org.testng.TestNGException: 
Parameter 'browser' is required by BeforeClass on method setup but has not been marked @Optional or defined

at java.base/java.util.ArrayList.forEach(ArrayList.java:1511)
... Removed 27 stack frames]]>
    </failure>
  </testcase> <!-- @BeforeClass setup -->
  <testcase classname="com.facebook.login.TestSuiteBase" name="@AfterClass afterClass" time="0.0">
    <skipped/>
  </testcase> <!-- @AfterClass afterClass -->
  <testcase classname="com.facebook.login.LoginTest" name="inValidLogin" time="0.0">
    <failure type="org.testng.TestNGException" message="
Data Provider public java.lang.Object[][] com.facebook.login.TestData.dataProvider_InvalidTest() returned a null value">
      <![CDATA[org.testng.TestNGException: 
Data Provider public java.lang.Object[][] com.facebook.login.TestData.dataProvider_InvalidTest() returned a null value
at java.base/java.util.ArrayList.forEach(ArrayList.java:1511)
... Removed 29 stack frames]]>
    </failure>
  </testcase> <!-- inValidLogin -->
  <testcase classname="com.facebook.login.LoginTest" name="validLoginAndLogOut" time="0.0">
    <failure type="org.testng.TestNGException" message="
Data Provider public java.lang.Object[][] com.facebook.login.TestData.dataProvider_ValidTest() returned a null value">
      <![CDATA[org.testng.TestNGException: 
Data Provider public java.lang.Object[][] com.facebook.login.TestData.dataProvider_ValidTest() returned a null value
at java.base/java.util.ArrayList.forEach(ArrayList.java:1511)
... Removed 29 stack frames]]>
    </failure>
  </testcase> <!-- validLoginAndLogOut -->
</testsuite> <!-- Surefire test -->
